<?xml version="1.0" encoding="UTF-8"?>
<!-- Generated by org.testng.reporters.JUnitReportReporter -->
<testsuite hostname="DESKTOP-SDBUGJQ" failures="0" tests="3" name="contact1.CreateContactTest" time="76.602" errors="0" timestamp="2025-07-07T14:56:05 IST" skipped="0">
  <testcase classname="contact1.CreateContactTest" name="createCampaignTest" time="31.539"/>
  <testcase classname="contact1.CreateContactTest" name="CreateContactTest" time="35.903"/>
  <testcase classname="contact1.CreateContactTest" name="m3" time="9.160"/>
</testsuite> <!-- contact1.CreateContactTest -->
