<?xml version="1.0" encoding="UTF-8"?>
<!-- Generated by org.testng.reporters.JUnitReportReporter -->
<testsuite hostname="DESKTOP-SDBUGJQ" failures="0" tests="3" name="TestNG_Sample.dataProviderExm1" time="0.016" errors="0" timestamp="2025-06-28T07:43:13 IST" skipped="0">
  <testcase classname="TestNG_Sample.dataProviderExm1" name="BookTicket" time="0.014"/>
  <testcase classname="TestNG_Sample.dataProviderExm1" name="BookTicket" time="0.001"/>
  <testcase classname="TestNG_Sample.dataProviderExm1" name="BookTicket" time="0.001"/>
</testsuite> <!-- TestNG_Sample.dataProviderExm1 -->
