<?xml version="1.0" encoding="UTF-8"?>
<!-- Generated by org.testng.reporters.JUnitReportReporter -->
<testsuite hostname="DESKTOP-SDBUGJQ" failures="0" tests="1" name="contact1.CreateContactWithOrgTest" time="48.325" errors="0" timestamp="2025-07-09T07:59:10 IST" skipped="0">
  <testcase classname="contact1.CreateContactWithOrgTest" name="createContactWithOrgTest" time="48.325"/>
</testsuite> <!-- contact1.CreateContactWithOrgTest -->
