<?xml version="1.0" encoding="UTF-8"?>
<!-- Generated by org.testng.reporters.JUnitReportReporter -->
<testsuite hostname="DESKTOP-SDBUGJQ" failures="0" tests="6" name="TestNG_Sample.SampleTest" time="0.013" errors="0" timestamp="2025-06-27T08:45:50 IST" skipped="0">
  <testcase classname="TestNG_Sample.SampleTest" name="createProduct" time="0.008"/>
  <testcase classname="TestNG_Sample.SampleTest" name="readProduct" time="0.001"/>
  <testcase classname="TestNG_Sample.SampleTest" name="readProduct" time="0.001"/>
  <testcase classname="TestNG_Sample.SampleTest" name="updateProduct" time="0.001"/>
  <testcase classname="TestNG_Sample.SampleTest" name="readProduct" time="0.001"/>
  <testcase classname="TestNG_Sample.SampleTest" name="deleteProduct" time="0.001"/>
</testsuite> <!-- TestNG_Sample.SampleTest -->
