<?xml version="1.0" encoding="UTF-8"?>
<!-- Generated by org.testng.reporters.JUnitReportReporter -->
<testsuite hostname="DESKTOP-SDBUGJQ" failures="0" tests="1" name="Campaign.CreateCampwithProdTest" time="70.332" errors="0" timestamp="2025-07-07T14:56:05 IST" skipped="0">
  <testcase classname="Campaign.CreateCampwithProdTest" name="createCampwithProdTest" time="70.332"/>
</testsuite> <!-- Campaign.CreateCampwithProdTest -->
