<?xml version="1.0" encoding="UTF-8"?>
<!-- Generated by org.testng.reporters.JUnitReportReporter -->
<testsuite hostname="DESKTOP-SDBUGJQ" failures="0" tests="2" name="Organization.CreateOrganizationTest" time="141.072" errors="0" timestamp="2025-07-02T08:53:49 IST" skipped="0">
  <testcase classname="Organization.CreateOrganizationTest" name="CreateProductTest" time="73.888"/>
  <testcase classname="Organization.CreateOrganizationTest" name="createOrganizationTest" time="67.184"/>
</testsuite> <!-- Organization.CreateOrganizationTest -->
