<?xml version="1.0" encoding="UTF-8"?>
<!-- Generated by org.testng.reporters.JUnitReportReporter -->
<testsuite hostname="DESKTOP-SDBUGJQ" failures="0" tests="3" name="TestNG_Sample.DataProviderexp2" time="170.046" errors="0" timestamp="2025-06-28T08:17:17 IST" skipped="0">
  <testcase classname="TestNG_Sample.DataProviderexp2" name="createContact" time="97.612"/>
  <testcase classname="TestNG_Sample.DataProviderexp2" name="createContact" time="37.282"/>
  <testcase classname="TestNG_Sample.DataProviderexp2" name="createContact" time="35.152"/>
</testsuite> <!-- TestNG_Sample.DataProviderexp2 -->
